<?xml version="1.0" encoding="UTF-8"?>
<!-- Generated by org.testng.reporters.JUnitReportReporter -->
<testsuite hostname="DESKTOP-8HFCTS8" failures="0" tests="1" name="testCase.ReadAllProducts" time="2.936" errors="0" timestamp="2023-03-29T23:56:44 EDT" skipped="0">
  <testcase classname="testCase.ReadAllProducts" name="readAllProducts" time="2.936"/>
  <system-out/>
</testsuite> <!-- testCase.ReadAllProducts -->
